The system is: Linux - 4.11.8-300.fc26.x86_64 - x86_64
Compiling the C compiler identification source file "CMakeCCompilerId.c" succeeded.
Compiler: /usr/lib64/ccache/cc 
Build flags: -m32;-I/home/wjl/bqvision/clearvision/linux_i686/debug/include;-DCOMMIT_VERSION="\"0a8382d-2017-09-05\""
Id flags:  

The output was:
0


Compilation of the C compiler identification source "CMakeCCompilerId.c" produced "a.out"

The C compiler identification is GNU, found in "/home/wjl/work/cv5/sdks/DeviceLayer/plugins/OnvifDevice/build/cmake/linux_i686_debug/CMakeFiles/3.9.1/CompilerIdC/a.out"

Compiling the CXX compiler identification source file "CMakeCXXCompilerId.cpp" succeeded.
Compiler: /usr/lib64/ccache/c++ 
Build flags: -m32;-I/home/wjl/bqvision/clearvision/linux_i686/debug/include;-DCOMMIT_VERSION="\"0a8382d-2017-09-05\""
Id flags: -c 

The output was:
0


Compilation of the CXX compiler identification source "CMakeCXXCompilerId.cpp" produced "CMakeCXXCompilerId.o"

The CXX compiler identification is GNU, found in "/home/wjl/work/cv5/sdks/DeviceLayer/plugins/OnvifDevice/build/cmake/linux_i686_debug/CMakeFiles/3.9.1/CompilerIdCXX/CMakeCXXCompilerId.o"

Determining if the C compiler works passed with the following output:
Change Dir: /home/wjl/work/cv5/sdks/DeviceLayer/plugins/OnvifDevice/build/cmake/linux_i686_debug/CMakeFiles/CMakeTmp

Run Build Command:"/usr/bin/gmake" "cmTC_d286c/fast"
/usr/bin/gmake -f CMakeFiles/cmTC_d286c.dir/build.make CMakeFiles/cmTC_d286c.dir/build
gmake[1]: Entering directory '/home/wjl/work/cv5/sdks/DeviceLayer/plugins/OnvifDevice/build/cmake/linux_i686_debug/CMakeFiles/CMakeTmp'
Building C object CMakeFiles/cmTC_d286c.dir/testCCompiler.c.o
/usr/lib64/ccache/cc   -m32 -I/home/wjl/bqvision/clearvision/linux_i686/debug/include -DCOMMIT_VERSION="\"0a8382d-2017-09-05\""    -o CMakeFiles/cmTC_d286c.dir/testCCompiler.c.o   -c /home/wjl/work/cv5/sdks/DeviceLayer/plugins/OnvifDevice/build/cmake/linux_i686_debug/CMakeFiles/CMakeTmp/testCCompiler.c
Linking C executable cmTC_d286c
/usr/bin/cmake -E cmake_link_script CMakeFiles/cmTC_d286c.dir/link.txt --verbose=1
/usr/lib64/ccache/cc -m32 -I/home/wjl/bqvision/clearvision/linux_i686/debug/include -DCOMMIT_VERSION="\"0a8382d-2017-09-05\""     -rdynamic CMakeFiles/cmTC_d286c.dir/testCCompiler.c.o  -o cmTC_d286c 
gmake[1]: Leaving directory '/home/wjl/work/cv5/sdks/DeviceLayer/plugins/OnvifDevice/build/cmake/linux_i686_debug/CMakeFiles/CMakeTmp'


Detecting C compiler ABI info compiled with the following output:
Change Dir: /home/wjl/work/cv5/sdks/DeviceLayer/plugins/OnvifDevice/build/cmake/linux_i686_debug/CMakeFiles/CMakeTmp

Run Build Command:"/usr/bin/gmake" "cmTC_0527a/fast"
/usr/bin/gmake -f CMakeFiles/cmTC_0527a.dir/build.make CMakeFiles/cmTC_0527a.dir/build
gmake[1]: Entering directory '/home/wjl/work/cv5/sdks/DeviceLayer/plugins/OnvifDevice/build/cmake/linux_i686_debug/CMakeFiles/CMakeTmp'
Building C object CMakeFiles/cmTC_0527a.dir/CMakeCCompilerABI.c.o
/usr/lib64/ccache/cc   -m32 -I/home/wjl/bqvision/clearvision/linux_i686/debug/include -DCOMMIT_VERSION="\"0a8382d-2017-09-05\""    -o CMakeFiles/cmTC_0527a.dir/CMakeCCompilerABI.c.o   -c /usr/share/cmake/Modules/CMakeCCompilerABI.c
Linking C executable cmTC_0527a
/usr/bin/cmake -E cmake_link_script CMakeFiles/cmTC_0527a.dir/link.txt --verbose=1
/usr/lib64/ccache/cc -m32 -I/home/wjl/bqvision/clearvision/linux_i686/debug/include -DCOMMIT_VERSION="\"0a8382d-2017-09-05\""    -v -rdynamic CMakeFiles/cmTC_0527a.dir/CMakeCCompilerABI.c.o  -o cmTC_0527a 
Using built-in specs.
COLLECT_GCC=/usr/bin/cc
COLLECT_LTO_WRAPPER=/usr/libexec/gcc/x86_64-redhat-linux/7/lto-wrapper
OFFLOAD_TARGET_NAMES=nvptx-none
OFFLOAD_TARGET_DEFAULT=1
Target: x86_64-redhat-linux
Configured with: ../configure --enable-bootstrap --enable-languages=c,c++,objc,obj-c++,fortran,ada,go,lto --prefix=/usr --mandir=/usr/share/man --infodir=/usr/share/info --with-bugurl=http://bugzilla.redhat.com/bugzilla --enable-shared --enable-threads=posix --enable-checking=release --enable-multilib --with-system-zlib --enable-__cxa_atexit --disable-libunwind-exceptions --enable-gnu-unique-object --enable-linker-build-id --with-gcc-major-version-only --with-linker-hash-style=gnu --enable-plugin --enable-initfini-array --with-isl --enable-libmpx --enable-offload-targets=nvptx-none --without-cuda-driver --enable-gnu-indirect-function --with-tune=generic --with-arch_32=i686 --build=x86_64-redhat-linux
Thread model: posix
gcc version 7.1.1 20170622 (Red Hat 7.1.1-3) (GCC) 
COMPILER_PATH=/usr/libexec/gcc/x86_64-redhat-linux/7/:/usr/libexec/gcc/x86_64-redhat-linux/7/:/usr/libexec/gcc/x86_64-redhat-linux/:/usr/lib/gcc/x86_64-redhat-linux/7/:/usr/lib/gcc/x86_64-redhat-linux/
LIBRARY_PATH=/usr/lib/gcc/x86_64-redhat-linux/7/32/:/usr/lib/gcc/x86_64-redhat-linux/7/../../../../lib/:/lib/../lib/:/usr/lib/../lib/:/usr/lib/gcc/x86_64-redhat-linux/7/:/usr/lib/gcc/x86_64-redhat-linux/7/../../../:/lib/:/usr/lib/
COLLECT_GCC_OPTIONS='-m32' '-I' '/home/wjl/bqvision/clearvision/linux_i686/debug/include' '-D' 'COMMIT_VERSION="0a8382d-2017-09-05"' '-v' '-rdynamic' '-o' 'cmTC_0527a' '-mtune=generic' '-march=i686'
 /usr/libexec/gcc/x86_64-redhat-linux/7/collect2 -plugin /usr/libexec/gcc/x86_64-redhat-linux/7/liblto_plugin.so -plugin-opt=/usr/libexec/gcc/x86_64-redhat-linux/7/lto-wrapper -plugin-opt=-fresolution=/tmp/ccCR7ova.res -plugin-opt=-pass-through=-lgcc -plugin-opt=-pass-through=-lgcc_s -plugin-opt=-pass-through=-lc -plugin-opt=-pass-through=-lgcc -plugin-opt=-pass-through=-lgcc_s --build-id --no-add-needed --eh-frame-hdr --hash-style=gnu -m elf_i386 -export-dynamic -dynamic-linker /lib/ld-linux.so.2 -o cmTC_0527a /usr/lib/gcc/x86_64-redhat-linux/7/../../../../lib/crt1.o /usr/lib/gcc/x86_64-redhat-linux/7/../../../../lib/crti.o /usr/lib/gcc/x86_64-redhat-linux/7/32/crtbegin.o -L/usr/lib/gcc/x86_64-redhat-linux/7/32 -L/usr/lib/gcc/x86_64-redhat-linux/7/../../../../lib -L/lib/../lib -L/usr/lib/../lib -L/usr/lib/gcc/x86_64-redhat-linux/7 -L/usr/lib/gcc/x86_64-redhat-linux/7/../../.. CMakeFiles/cmTC_0527a.dir/CMakeCCompilerABI.c.o -lgcc --as-needed -lgcc_s --no-as-needed -lc -lgcc --as-needed -lgcc_s --no-as-needed /usr/lib/gcc/x86_64-redhat-linux/7/32/crtend.o /usr/lib/gcc/x86_64-redhat-linux/7/../../../../lib/crtn.o
COLLECT_GCC_OPTIONS='-m32' '-I' '/home/wjl/bqvision/clearvision/linux_i686/debug/include' '-D' 'COMMIT_VERSION="0a8382d-2017-09-05"' '-v' '-rdynamic' '-o' 'cmTC_0527a' '-mtune=generic' '-march=i686'
gmake[1]: Leaving directory '/home/wjl/work/cv5/sdks/DeviceLayer/plugins/OnvifDevice/build/cmake/linux_i686_debug/CMakeFiles/CMakeTmp'


Parsed C implicit link information from above output:
  link line regex: [^( *|.*[/\])(ld|CMAKE_LINK_STARTFILE-NOTFOUND|([^/\]+-)?ld|collect2)[^/\]*( |$)]
  ignore line: [Change Dir: /home/wjl/work/cv5/sdks/DeviceLayer/plugins/OnvifDevice/build/cmake/linux_i686_debug/CMakeFiles/CMakeTmp]
  ignore line: []
  ignore line: [Run Build Command:"/usr/bin/gmake" "cmTC_0527a/fast"]
  ignore line: [/usr/bin/gmake -f CMakeFiles/cmTC_0527a.dir/build.make CMakeFiles/cmTC_0527a.dir/build]
  ignore line: [gmake[1]: Entering directory '/home/wjl/work/cv5/sdks/DeviceLayer/plugins/OnvifDevice/build/cmake/linux_i686_debug/CMakeFiles/CMakeTmp']
  ignore line: [Building C object CMakeFiles/cmTC_0527a.dir/CMakeCCompilerABI.c.o]
  ignore line: [/usr/lib64/ccache/cc   -m32 -I/home/wjl/bqvision/clearvision/linux_i686/debug/include -DCOMMIT_VERSION="\"0a8382d-2017-09-05\""    -o CMakeFiles/cmTC_0527a.dir/CMakeCCompilerABI.c.o   -c /usr/share/cmake/Modules/CMakeCCompilerABI.c]
  ignore line: [Linking C executable cmTC_0527a]
  ignore line: [/usr/bin/cmake -E cmake_link_script CMakeFiles/cmTC_0527a.dir/link.txt --verbose=1]
  ignore line: [/usr/lib64/ccache/cc -m32 -I/home/wjl/bqvision/clearvision/linux_i686/debug/include -DCOMMIT_VERSION="\"0a8382d-2017-09-05\""    -v -rdynamic CMakeFiles/cmTC_0527a.dir/CMakeCCompilerABI.c.o  -o cmTC_0527a ]
  ignore line: [Using built-in specs.]
  ignore line: [COLLECT_GCC=/usr/bin/cc]
  ignore line: [COLLECT_LTO_WRAPPER=/usr/libexec/gcc/x86_64-redhat-linux/7/lto-wrapper]
  ignore line: [OFFLOAD_TARGET_NAMES=nvptx-none]
  ignore line: [OFFLOAD_TARGET_DEFAULT=1]
  ignore line: [Target: x86_64-redhat-linux]
  ignore line: [Configured with: ../configure --enable-bootstrap --enable-languages=c,c++,objc,obj-c++,fortran,ada,go,lto --prefix=/usr --mandir=/usr/share/man --infodir=/usr/share/info --with-bugurl=http://bugzilla.redhat.com/bugzilla --enable-shared --enable-threads=posix --enable-checking=release --enable-multilib --with-system-zlib --enable-__cxa_atexit --disable-libunwind-exceptions --enable-gnu-unique-object --enable-linker-build-id --with-gcc-major-version-only --with-linker-hash-style=gnu --enable-plugin --enable-initfini-array --with-isl --enable-libmpx --enable-offload-targets=nvptx-none --without-cuda-driver --enable-gnu-indirect-function --with-tune=generic --with-arch_32=i686 --build=x86_64-redhat-linux]
  ignore line: [Thread model: posix]
  ignore line: [gcc version 7.1.1 20170622 (Red Hat 7.1.1-3) (GCC) ]
  ignore line: [COMPILER_PATH=/usr/libexec/gcc/x86_64-redhat-linux/7/:/usr/libexec/gcc/x86_64-redhat-linux/7/:/usr/libexec/gcc/x86_64-redhat-linux/:/usr/lib/gcc/x86_64-redhat-linux/7/:/usr/lib/gcc/x86_64-redhat-linux/]
  ignore line: [LIBRARY_PATH=/usr/lib/gcc/x86_64-redhat-linux/7/32/:/usr/lib/gcc/x86_64-redhat-linux/7/../../../../lib/:/lib/../lib/:/usr/lib/../lib/:/usr/lib/gcc/x86_64-redhat-linux/7/:/usr/lib/gcc/x86_64-redhat-linux/7/../../../:/lib/:/usr/lib/]
  ignore line: [COLLECT_GCC_OPTIONS='-m32' '-I' '/home/wjl/bqvision/clearvision/linux_i686/debug/include' '-D' 'COMMIT_VERSION="0a8382d-2017-09-05"' '-v' '-rdynamic' '-o' 'cmTC_0527a' '-mtune=generic' '-march=i686']
  link line: [ /usr/libexec/gcc/x86_64-redhat-linux/7/collect2 -plugin /usr/libexec/gcc/x86_64-redhat-linux/7/liblto_plugin.so -plugin-opt=/usr/libexec/gcc/x86_64-redhat-linux/7/lto-wrapper -plugin-opt=-fresolution=/tmp/ccCR7ova.res -plugin-opt=-pass-through=-lgcc -plugin-opt=-pass-through=-lgcc_s -plugin-opt=-pass-through=-lc -plugin-opt=-pass-through=-lgcc -plugin-opt=-pass-through=-lgcc_s --build-id --no-add-needed --eh-frame-hdr --hash-style=gnu -m elf_i386 -export-dynamic -dynamic-linker /lib/ld-linux.so.2 -o cmTC_0527a /usr/lib/gcc/x86_64-redhat-linux/7/../../../../lib/crt1.o /usr/lib/gcc/x86_64-redhat-linux/7/../../../../lib/crti.o /usr/lib/gcc/x86_64-redhat-linux/7/32/crtbegin.o -L/usr/lib/gcc/x86_64-redhat-linux/7/32 -L/usr/lib/gcc/x86_64-redhat-linux/7/../../../../lib -L/lib/../lib -L/usr/lib/../lib -L/usr/lib/gcc/x86_64-redhat-linux/7 -L/usr/lib/gcc/x86_64-redhat-linux/7/../../.. CMakeFiles/cmTC_0527a.dir/CMakeCCompilerABI.c.o -lgcc --as-needed -lgcc_s --no-as-needed -lc -lgcc --as-needed -lgcc_s --no-as-needed /usr/lib/gcc/x86_64-redhat-linux/7/32/crtend.o /usr/lib/gcc/x86_64-redhat-linux/7/../../../../lib/crtn.o]
    arg [/usr/libexec/gcc/x86_64-redhat-linux/7/collect2] ==> ignore
    arg [-plugin] ==> ignore
    arg [/usr/libexec/gcc/x86_64-redhat-linux/7/liblto_plugin.so] ==> ignore
    arg [-plugin-opt=/usr/libexec/gcc/x86_64-redhat-linux/7/lto-wrapper] ==> ignore
    arg [-plugin-opt=-fresolution=/tmp/ccCR7ova.res] ==> ignore
    arg [-plugin-opt=-pass-through=-lgcc] ==> ignore
    arg [-plugin-opt=-pass-through=-lgcc_s] ==> ignore
    arg [-plugin-opt=-pass-through=-lc] ==> ignore
    arg [-plugin-opt=-pass-through=-lgcc] ==> ignore
    arg [-plugin-opt=-pass-through=-lgcc_s] ==> ignore
    arg [--build-id] ==> ignore
    arg [--no-add-needed] ==> ignore
    arg [--eh-frame-hdr] ==> ignore
    arg [--hash-style=gnu] ==> ignore
    arg [-m] ==> ignore
    arg [elf_i386] ==> ignore
    arg [-export-dynamic] ==> ignore
    arg [-dynamic-linker] ==> ignore
    arg [/lib/ld-linux.so.2] ==> ignore
    arg [-o] ==> ignore
    arg [cmTC_0527a] ==> ignore
    arg [/usr/lib/gcc/x86_64-redhat-linux/7/../../../../lib/crt1.o] ==> ignore
    arg [/usr/lib/gcc/x86_64-redhat-linux/7/../../../../lib/crti.o] ==> ignore
    arg [/usr/lib/gcc/x86_64-redhat-linux/7/32/crtbegin.o] ==> ignore
    arg [-L/usr/lib/gcc/x86_64-redhat-linux/7/32] ==> dir [/usr/lib/gcc/x86_64-redhat-linux/7/32]
    arg [-L/usr/lib/gcc/x86_64-redhat-linux/7/../../../../lib] ==> dir [/usr/lib/gcc/x86_64-redhat-linux/7/../../../../lib]
    arg [-L/lib/../lib] ==> dir [/lib/../lib]
    arg [-L/usr/lib/../lib] ==> dir [/usr/lib/../lib]
    arg [-L/usr/lib/gcc/x86_64-redhat-linux/7] ==> dir [/usr/lib/gcc/x86_64-redhat-linux/7]
    arg [-L/usr/lib/gcc/x86_64-redhat-linux/7/../../..] ==> dir [/usr/lib/gcc/x86_64-redhat-linux/7/../../..]
    arg [CMakeFiles/cmTC_0527a.dir/CMakeCCompilerABI.c.o] ==> ignore
    arg [-lgcc] ==> lib [gcc]
    arg [--as-needed] ==> ignore
    arg [-lgcc_s] ==> lib [gcc_s]
    arg [--no-as-needed] ==> ignore
    arg [-lc] ==> lib [c]
    arg [-lgcc] ==> lib [gcc]
    arg [--as-needed] ==> ignore
    arg [-lgcc_s] ==> lib [gcc_s]
    arg [--no-as-needed] ==> ignore
    arg [/usr/lib/gcc/x86_64-redhat-linux/7/32/crtend.o] ==> ignore
    arg [/usr/lib/gcc/x86_64-redhat-linux/7/../../../../lib/crtn.o] ==> ignore
  collapse library dir [/usr/lib/gcc/x86_64-redhat-linux/7/32] ==> [/usr/lib/gcc/x86_64-redhat-linux/7/32]
  collapse library dir [/usr/lib/gcc/x86_64-redhat-linux/7/../../../../lib] ==> [/usr/lib]
  collapse library dir [/lib/../lib] ==> [/lib]
  collapse library dir [/usr/lib/../lib] ==> [/usr/lib]
  collapse library dir [/usr/lib/gcc/x86_64-redhat-linux/7] ==> [/usr/lib/gcc/x86_64-redhat-linux/7]
  collapse library dir [/usr/lib/gcc/x86_64-redhat-linux/7/../../..] ==> [/usr/lib]
  implicit libs: [gcc;gcc_s;c;gcc;gcc_s]
  implicit dirs: [/usr/lib/gcc/x86_64-redhat-linux/7/32;/usr/lib;/lib;/usr/lib/gcc/x86_64-redhat-linux/7]
  implicit fwks: []




Detecting C [-std=c11] compiler features compiled with the following output:
Change Dir: /home/wjl/work/cv5/sdks/DeviceLayer/plugins/OnvifDevice/build/cmake/linux_i686_debug/CMakeFiles/CMakeTmp

Run Build Command:"/usr/bin/gmake" "cmTC_a351e/fast"
/usr/bin/gmake -f CMakeFiles/cmTC_a351e.dir/build.make CMakeFiles/cmTC_a351e.dir/build
gmake[1]: Entering directory '/home/wjl/work/cv5/sdks/DeviceLayer/plugins/OnvifDevice/build/cmake/linux_i686_debug/CMakeFiles/CMakeTmp'
Building C object CMakeFiles/cmTC_a351e.dir/feature_tests.c.o
/usr/lib64/ccache/cc   -m32 -I/home/wjl/bqvision/clearvision/linux_i686/debug/include -DCOMMIT_VERSION="\"0a8382d-2017-09-05\""    -std=c11 -o CMakeFiles/cmTC_a351e.dir/feature_tests.c.o   -c /home/wjl/work/cv5/sdks/DeviceLayer/plugins/OnvifDevice/build/cmake/linux_i686_debug/CMakeFiles/feature_tests.c
Linking C executable cmTC_a351e
/usr/bin/cmake -E cmake_link_script CMakeFiles/cmTC_a351e.dir/link.txt --verbose=1
/usr/lib64/ccache/cc -m32 -I/home/wjl/bqvision/clearvision/linux_i686/debug/include -DCOMMIT_VERSION="\"0a8382d-2017-09-05\""     -rdynamic CMakeFiles/cmTC_a351e.dir/feature_tests.c.o  -o cmTC_a351e 
gmake[1]: Leaving directory '/home/wjl/work/cv5/sdks/DeviceLayer/plugins/OnvifDevice/build/cmake/linux_i686_debug/CMakeFiles/CMakeTmp'


    Feature record: C_FEATURE:1c_function_prototypes
    Feature record: C_FEATURE:1c_restrict
    Feature record: C_FEATURE:1c_static_assert
    Feature record: C_FEATURE:1c_variadic_macros


Detecting C [-std=c99] compiler features compiled with the following output:
Change Dir: /home/wjl/work/cv5/sdks/DeviceLayer/plugins/OnvifDevice/build/cmake/linux_i686_debug/CMakeFiles/CMakeTmp

Run Build Command:"/usr/bin/gmake" "cmTC_30792/fast"
/usr/bin/gmake -f CMakeFiles/cmTC_30792.dir/build.make CMakeFiles/cmTC_30792.dir/build
gmake[1]: Entering directory '/home/wjl/work/cv5/sdks/DeviceLayer/plugins/OnvifDevice/build/cmake/linux_i686_debug/CMakeFiles/CMakeTmp'
Building C object CMakeFiles/cmTC_30792.dir/feature_tests.c.o
/usr/lib64/ccache/cc   -m32 -I/home/wjl/bqvision/clearvision/linux_i686/debug/include -DCOMMIT_VERSION="\"0a8382d-2017-09-05\""    -std=c99 -o CMakeFiles/cmTC_30792.dir/feature_tests.c.o   -c /home/wjl/work/cv5/sdks/DeviceLayer/plugins/OnvifDevice/build/cmake/linux_i686_debug/CMakeFiles/feature_tests.c
Linking C executable cmTC_30792
/usr/bin/cmake -E cmake_link_script CMakeFiles/cmTC_30792.dir/link.txt --verbose=1
/usr/lib64/ccache/cc -m32 -I/home/wjl/bqvision/clearvision/linux_i686/debug/include -DCOMMIT_VERSION="\"0a8382d-2017-09-05\""     -rdynamic CMakeFiles/cmTC_30792.dir/feature_tests.c.o  -o cmTC_30792 
gmake[1]: Leaving directory '/home/wjl/work/cv5/sdks/DeviceLayer/plugins/OnvifDevice/build/cmake/linux_i686_debug/CMakeFiles/CMakeTmp'


    Feature record: C_FEATURE:1c_function_prototypes
    Feature record: C_FEATURE:1c_restrict
    Feature record: C_FEATURE:0c_static_assert
    Feature record: C_FEATURE:1c_variadic_macros


Detecting C [-std=c90] compiler features compiled with the following output:
Change Dir: /home/wjl/work/cv5/sdks/DeviceLayer/plugins/OnvifDevice/build/cmake/linux_i686_debug/CMakeFiles/CMakeTmp

Run Build Command:"/usr/bin/gmake" "cmTC_cdad5/fast"
/usr/bin/gmake -f CMakeFiles/cmTC_cdad5.dir/build.make CMakeFiles/cmTC_cdad5.dir/build
gmake[1]: Entering directory '/home/wjl/work/cv5/sdks/DeviceLayer/plugins/OnvifDevice/build/cmake/linux_i686_debug/CMakeFiles/CMakeTmp'
Building C object CMakeFiles/cmTC_cdad5.dir/feature_tests.c.o
/usr/lib64/ccache/cc   -m32 -I/home/wjl/bqvision/clearvision/linux_i686/debug/include -DCOMMIT_VERSION="\"0a8382d-2017-09-05\""    -std=c90 -o CMakeFiles/cmTC_cdad5.dir/feature_tests.c.o   -c /home/wjl/work/cv5/sdks/DeviceLayer/plugins/OnvifDevice/build/cmake/linux_i686_debug/CMakeFiles/feature_tests.c
Linking C executable cmTC_cdad5
/usr/bin/cmake -E cmake_link_script CMakeFiles/cmTC_cdad5.dir/link.txt --verbose=1
/usr/lib64/ccache/cc -m32 -I/home/wjl/bqvision/clearvision/linux_i686/debug/include -DCOMMIT_VERSION="\"0a8382d-2017-09-05\""     -rdynamic CMakeFiles/cmTC_cdad5.dir/feature_tests.c.o  -o cmTC_cdad5 
gmake[1]: Leaving directory '/home/wjl/work/cv5/sdks/DeviceLayer/plugins/OnvifDevice/build/cmake/linux_i686_debug/CMakeFiles/CMakeTmp'


    Feature record: C_FEATURE:1c_function_prototypes
    Feature record: C_FEATURE:0c_restrict
    Feature record: C_FEATURE:0c_static_assert
    Feature record: C_FEATURE:0c_variadic_macros
