Compiling the CXX compiler identification source file "CMakeCXXCompilerId.cpp" failed.
Compiler: /usr/lib64/ccache/c++ 
Build flags: -m32;-I/home/wjl/bqvision/clearvision/linux_i686/debug/include;-DCOMMIT_VERSION="\"0a8382d-2017-09-05\""
Id flags:  

The output was:
1
/usr/bin/ld: skipping incompatible /usr/lib/gcc/x86_64-redhat-linux/7/libstdc++.so when searching for -lstdc++
/usr/bin/ld: skipping incompatible /usr/lib/gcc/x86_64-redhat-linux/7/libstdc++.a when searching for -lstdc++
/usr/bin/ld: cannot find -lstdc++
collect2: error: ld returned 1 exit status


Determining if the CXX compiler works failed with the following output:
Change Dir: /home/wjl/work/cv5/sdks/DeviceLayer/plugins/OnvifDevice/build/cmake/linux_i686_debug/CMakeFiles/CMakeTmp

Run Build Command:"/usr/bin/gmake" "cmTC_9397c/fast"
/usr/bin/gmake -f CMakeFiles/cmTC_9397c.dir/build.make CMakeFiles/cmTC_9397c.dir/build
gmake[1]: Entering directory '/home/wjl/work/cv5/sdks/DeviceLayer/plugins/OnvifDevice/build/cmake/linux_i686_debug/CMakeFiles/CMakeTmp'
Building CXX object CMakeFiles/cmTC_9397c.dir/testCXXCompiler.cxx.o
/usr/lib64/ccache/c++    -m32 -I/home/wjl/bqvision/clearvision/linux_i686/debug/include -DCOMMIT_VERSION="\"0a8382d-2017-09-05\""    -o CMakeFiles/cmTC_9397c.dir/testCXXCompiler.cxx.o -c /home/wjl/work/cv5/sdks/DeviceLayer/plugins/OnvifDevice/build/cmake/linux_i686_debug/CMakeFiles/CMakeTmp/testCXXCompiler.cxx
Linking CXX executable cmTC_9397c
/usr/bin/cmake -E cmake_link_script CMakeFiles/cmTC_9397c.dir/link.txt --verbose=1
/usr/lib64/ccache/c++  -m32 -I/home/wjl/bqvision/clearvision/linux_i686/debug/include -DCOMMIT_VERSION="\"0a8382d-2017-09-05\""     -rdynamic CMakeFiles/cmTC_9397c.dir/testCXXCompiler.cxx.o  -o cmTC_9397c 
/usr/bin/ld: skipping incompatible /usr/lib/gcc/x86_64-redhat-linux/7/libstdc++.so when searching for -lstdc++
/usr/bin/ld: skipping incompatible /usr/lib/gcc/x86_64-redhat-linux/7/libstdc++.a when searching for -lstdc++
/usr/bin/ld: cannot find -lstdc++
collect2: error: ld returned 1 exit status
gmake[1]: *** [CMakeFiles/cmTC_9397c.dir/build.make:98: cmTC_9397c] Error 1
gmake[1]: Leaving directory '/home/wjl/work/cv5/sdks/DeviceLayer/plugins/OnvifDevice/build/cmake/linux_i686_debug/CMakeFiles/CMakeTmp'
gmake: *** [Makefile:126: cmTC_9397c/fast] Error 2


