The system is: Linux - 3.10.0-327.el7.x86_64 - x86_64
Compiling the C compiler identification source file "CMakeCCompilerId.c" succeeded.
Compiler: /usr/bin/cc 
Build flags: -D_GLIBCXX_USE_CXX11_ABI=0;-O2;-g;-Wall;-Wextra;-Wno-unused-parameter;-Wno-unused-function;-pipe;-Wp,-D_FORTIFY_SOURCE=2;-fstack-protector;--param=ssp-buffer-size=4;-m32;-march=i686;-mtune=atom
Id flags: 

The output was:
0


Compilation of the C compiler identification source "CMakeCCompilerId.c" produced "a.out"

The C compiler identification is GNU, found in "/home/wjl/work/cv5/sdks/DeviceLayer/plugins/OnvifDevice/build/cmake/i686/debug/CMakeFiles/2.8.12.2/CompilerIdC/a.out"

Compiling the CXX compiler identification source file "CMakeCXXCompilerId.cpp" succeeded.
Compiler: /usr/bin/c++ 
Build flags: -D_GLIBCXX_USE_CXX11_ABI=0;-O2;-g;-Wall;-Wextra;-Wno-unused-parameter;-Wno-unused-function;-pipe;-Wp,-D_FORTIFY_SOURCE=2;-fstack-protector;--param=ssp-buffer-size=4;-m32;-march=i686;-mtune=atom
Id flags: 

The output was:
0


Compilation of the CXX compiler identification source "CMakeCXXCompilerId.cpp" produced "a.out"

The CXX compiler identification is GNU, found in "/home/wjl/work/cv5/sdks/DeviceLayer/plugins/OnvifDevice/build/cmake/i686/debug/CMakeFiles/2.8.12.2/CompilerIdCXX/a.out"

Determining if the C compiler works passed with the following output:
Change Dir: /home/wjl/work/cv5/sdks/DeviceLayer/plugins/OnvifDevice/build/cmake/i686/debug/CMakeFiles/CMakeTmp

Run Build Command:/usr/bin/gmake "cmTryCompileExec1947055913/fast"
/usr/bin/gmake -f CMakeFiles/cmTryCompileExec1947055913.dir/build.make CMakeFiles/cmTryCompileExec1947055913.dir/build
gmake[1]: 进入目录“/home/wjl/work/cv5/sdks/DeviceLayer/plugins/OnvifDevice/build/cmake/i686/debug/CMakeFiles/CMakeTmp”
/usr/bin/cmake -E cmake_progress_report /home/wjl/work/cv5/sdks/DeviceLayer/plugins/OnvifDevice/build/cmake/i686/debug/CMakeFiles/CMakeTmp/CMakeFiles 1
Building C object CMakeFiles/cmTryCompileExec1947055913.dir/testCCompiler.c.o
/usr/bin/cc   -D_GLIBCXX_USE_CXX11_ABI=0 -O2 -g -Wall -Wextra -Wno-unused-parameter -Wno-unused-function -pipe -Wp,-D_FORTIFY_SOURCE=2 -fstack-protector --param=ssp-buffer-size=4 -m32 -march=i686 -mtune=atom  -fPIE   -o CMakeFiles/cmTryCompileExec1947055913.dir/testCCompiler.c.o   -c /home/wjl/work/cv5/sdks/DeviceLayer/plugins/OnvifDevice/build/cmake/i686/debug/CMakeFiles/CMakeTmp/testCCompiler.c
Linking C executable cmTryCompileExec1947055913
/usr/bin/cmake -E cmake_link_script CMakeFiles/cmTryCompileExec1947055913.dir/link.txt --verbose=1
/usr/bin/cc  -D_GLIBCXX_USE_CXX11_ABI=0 -O2 -g -Wall -Wextra -Wno-unused-parameter -Wno-unused-function -pipe -Wp,-D_FORTIFY_SOURCE=2 -fstack-protector --param=ssp-buffer-size=4 -m32 -march=i686 -mtune=atom    -Wl,-z,relro -Wl,--no-undefined -Wl,--unresolved-symbols=ignore-in-shared-libs CMakeFiles/cmTryCompileExec1947055913.dir/testCCompiler.c.o  -o cmTryCompileExec1947055913 -rdynamic 
gmake[1]: 离开目录“/home/wjl/work/cv5/sdks/DeviceLayer/plugins/OnvifDevice/build/cmake/i686/debug/CMakeFiles/CMakeTmp”


Detecting C compiler ABI info compiled with the following output:
Change Dir: /home/wjl/work/cv5/sdks/DeviceLayer/plugins/OnvifDevice/build/cmake/i686/debug/CMakeFiles/CMakeTmp

Run Build Command:/usr/bin/gmake "cmTryCompileExec2111723287/fast"
/usr/bin/gmake -f CMakeFiles/cmTryCompileExec2111723287.dir/build.make CMakeFiles/cmTryCompileExec2111723287.dir/build
gmake[1]: 进入目录“/home/wjl/work/cv5/sdks/DeviceLayer/plugins/OnvifDevice/build/cmake/i686/debug/CMakeFiles/CMakeTmp”
/usr/bin/cmake -E cmake_progress_report /home/wjl/work/cv5/sdks/DeviceLayer/plugins/OnvifDevice/build/cmake/i686/debug/CMakeFiles/CMakeTmp/CMakeFiles 1
Building C object CMakeFiles/cmTryCompileExec2111723287.dir/CMakeCCompilerABI.c.o
/usr/bin/cc   -D_GLIBCXX_USE_CXX11_ABI=0 -O2 -g -Wall -Wextra -Wno-unused-parameter -Wno-unused-function -pipe -Wp,-D_FORTIFY_SOURCE=2 -fstack-protector --param=ssp-buffer-size=4 -m32 -march=i686 -mtune=atom  -fPIE   -o CMakeFiles/cmTryCompileExec2111723287.dir/CMakeCCompilerABI.c.o   -c /usr/share/cmake/Modules/CMakeCCompilerABI.c
Linking C executable cmTryCompileExec2111723287
/usr/bin/cmake -E cmake_link_script CMakeFiles/cmTryCompileExec2111723287.dir/link.txt --verbose=1
/usr/bin/cc  -D_GLIBCXX_USE_CXX11_ABI=0 -O2 -g -Wall -Wextra -Wno-unused-parameter -Wno-unused-function -pipe -Wp,-D_FORTIFY_SOURCE=2 -fstack-protector --param=ssp-buffer-size=4 -m32 -march=i686 -mtune=atom   -v CMakeFiles/cmTryCompileExec2111723287.dir/CMakeCCompilerABI.c.o  -o cmTryCompileExec2111723287 -rdynamic  
使用内建 specs。
COLLECT_GCC=/usr/bin/cc
COLLECT_LTO_WRAPPER=/usr/libexec/gcc/x86_64-redhat-linux/4.8.5/lto-wrapper
目标：x86_64-redhat-linux
配置为：../configure --prefix=/usr --mandir=/usr/share/man --infodir=/usr/share/info --with-bugurl=http://bugzilla.redhat.com/bugzilla --enable-bootstrap --enable-shared --enable-threads=posix --enable-checking=release --with-system-zlib --enable-__cxa_atexit --disable-libunwind-exceptions --enable-gnu-unique-object --enable-linker-build-id --with-linker-hash-style=gnu --enable-languages=c,c++,objc,obj-c++,java,fortran,ada,go,lto --enable-plugin --enable-initfini-array --disable-libgcj --with-isl=/builddir/build/BUILD/gcc-4.8.5-20150702/obj-x86_64-redhat-linux/isl-install --with-cloog=/builddir/build/BUILD/gcc-4.8.5-20150702/obj-x86_64-redhat-linux/cloog-install --enable-gnu-indirect-function --with-tune=generic --with-arch_32=x86-64 --build=x86_64-redhat-linux
线程模型：posix
gcc 版本 4.8.5 20150623 (Red Hat 4.8.5-11) (GCC) 
COMPILER_PATH=/usr/libexec/gcc/x86_64-redhat-linux/4.8.5/:/usr/libexec/gcc/x86_64-redhat-linux/4.8.5/:/usr/libexec/gcc/x86_64-redhat-linux/:/usr/lib/gcc/x86_64-redhat-linux/4.8.5/:/usr/lib/gcc/x86_64-redhat-linux/
LIBRARY_PATH=/usr/lib/gcc/x86_64-redhat-linux/4.8.5/32/:/usr/lib/gcc/x86_64-redhat-linux/4.8.5/../../../../lib/:/lib/../lib/:/usr/lib/../lib/:/usr/lib/gcc/x86_64-redhat-linux/4.8.5/:/usr/lib/gcc/x86_64-redhat-linux/4.8.5/../../../:/lib/:/usr/lib/
COLLECT_GCC_OPTIONS='-D' '_GLIBCXX_USE_CXX11_ABI=0' '-O2' '-g' '-Wall' '-Wextra' '-Wno-unused-parameter' '-Wno-unused-function' '-pipe' '-fstack-protector' '--param' 'ssp-buffer-size=4' '-m32' '-march=i686' '-mtune=atom' '-v' '-o' 'cmTryCompileExec2111723287' '-rdynamic'
 /usr/libexec/gcc/x86_64-redhat-linux/4.8.5/collect2 --build-id --no-add-needed --eh-frame-hdr --hash-style=gnu -m elf_i386 -export-dynamic -dynamic-linker /lib/ld-linux.so.2 -o cmTryCompileExec2111723287 /usr/lib/gcc/x86_64-redhat-linux/4.8.5/../../../../lib/crt1.o /usr/lib/gcc/x86_64-redhat-linux/4.8.5/../../../../lib/crti.o /usr/lib/gcc/x86_64-redhat-linux/4.8.5/32/crtbegin.o -L/usr/lib/gcc/x86_64-redhat-linux/4.8.5/32 -L/usr/lib/gcc/x86_64-redhat-linux/4.8.5/../../../../lib -L/lib/../lib -L/usr/lib/../lib -L/usr/lib/gcc/x86_64-redhat-linux/4.8.5 -L/usr/lib/gcc/x86_64-redhat-linux/4.8.5/../../.. CMakeFiles/cmTryCompileExec2111723287.dir/CMakeCCompilerABI.c.o -lgcc --as-needed -lgcc_s --no-as-needed -lc -lgcc --as-needed -lgcc_s --no-as-needed /usr/lib/gcc/x86_64-redhat-linux/4.8.5/32/crtend.o /usr/lib/gcc/x86_64-redhat-linux/4.8.5/../../../../lib/crtn.o
gmake[1]: 离开目录“/home/wjl/work/cv5/sdks/DeviceLayer/plugins/OnvifDevice/build/cmake/i686/debug/CMakeFiles/CMakeTmp”


Parsed C implicit link information from above output:
  link line regex: [^( *|.*[/\])(ld|([^/\]+-)?ld|collect2)[^/\]*( |$)]
  ignore line: [Change Dir: /home/wjl/work/cv5/sdks/DeviceLayer/plugins/OnvifDevice/build/cmake/i686/debug/CMakeFiles/CMakeTmp]
  ignore line: []
  ignore line: [Run Build Command:/usr/bin/gmake "cmTryCompileExec2111723287/fast"]
  ignore line: [/usr/bin/gmake -f CMakeFiles/cmTryCompileExec2111723287.dir/build.make CMakeFiles/cmTryCompileExec2111723287.dir/build]
  ignore line: [gmake[1]: 进入目录“/home/wjl/work/cv5/sdks/DeviceLayer/plugins/OnvifDevice/build/cmake/i686/debug/CMakeFiles/CMakeTmp”]
  ignore line: [/usr/bin/cmake -E cmake_progress_report /home/wjl/work/cv5/sdks/DeviceLayer/plugins/OnvifDevice/build/cmake/i686/debug/CMakeFiles/CMakeTmp/CMakeFiles 1]
  ignore line: [Building C object CMakeFiles/cmTryCompileExec2111723287.dir/CMakeCCompilerABI.c.o]
  ignore line: [/usr/bin/cc   -D_GLIBCXX_USE_CXX11_ABI=0 -O2 -g -Wall -Wextra -Wno-unused-parameter -Wno-unused-function -pipe -Wp,-D_FORTIFY_SOURCE=2 -fstack-protector --param=ssp-buffer-size=4 -m32 -march=i686 -mtune=atom  -fPIE   -o CMakeFiles/cmTryCompileExec2111723287.dir/CMakeCCompilerABI.c.o   -c /usr/share/cmake/Modules/CMakeCCompilerABI.c]
  ignore line: [Linking C executable cmTryCompileExec2111723287]
  ignore line: [/usr/bin/cmake -E cmake_link_script CMakeFiles/cmTryCompileExec2111723287.dir/link.txt --verbose=1]
  ignore line: [/usr/bin/cc  -D_GLIBCXX_USE_CXX11_ABI=0 -O2 -g -Wall -Wextra -Wno-unused-parameter -Wno-unused-function -pipe -Wp,-D_FORTIFY_SOURCE=2 -fstack-protector --param=ssp-buffer-size=4 -m32 -march=i686 -mtune=atom   -v CMakeFiles/cmTryCompileExec2111723287.dir/CMakeCCompilerABI.c.o  -o cmTryCompileExec2111723287 -rdynamic  ]
  ignore line: [使用内建 specs。]
  ignore line: [COLLECT_GCC=/usr/bin/cc]
  ignore line: [COLLECT_LTO_WRAPPER=/usr/libexec/gcc/x86_64-redhat-linux/4.8.5/lto-wrapper]
  ignore line: [目标：x86_64-redhat-linux]
  ignore line: [配置为：../configure --prefix=/usr --mandir=/usr/share/man --infodir=/usr/share/info --with-bugurl=http://bugzilla.redhat.com/bugzilla --enable-bootstrap --enable-shared --enable-threads=posix --enable-checking=release --with-system-zlib --enable-__cxa_atexit --disable-libunwind-exceptions --enable-gnu-unique-object --enable-linker-build-id --with-linker-hash-style=gnu --enable-languages=c,c++,objc,obj-c++,java,fortran,ada,go,lto --enable-plugin --enable-initfini-array --disable-libgcj --with-isl=/builddir/build/BUILD/gcc-4.8.5-20150702/obj-x86_64-redhat-linux/isl-install --with-cloog=/builddir/build/BUILD/gcc-4.8.5-20150702/obj-x86_64-redhat-linux/cloog-install --enable-gnu-indirect-function --with-tune=generic --with-arch_32=x86-64 --build=x86_64-redhat-linux]
  ignore line: [线程模型：posix]
  ignore line: [gcc 版本 4.8.5 20150623 (Red Hat 4.8.5-11) (GCC) ]
  ignore line: [COMPILER_PATH=/usr/libexec/gcc/x86_64-redhat-linux/4.8.5/:/usr/libexec/gcc/x86_64-redhat-linux/4.8.5/:/usr/libexec/gcc/x86_64-redhat-linux/:/usr/lib/gcc/x86_64-redhat-linux/4.8.5/:/usr/lib/gcc/x86_64-redhat-linux/]
  ignore line: [LIBRARY_PATH=/usr/lib/gcc/x86_64-redhat-linux/4.8.5/32/:/usr/lib/gcc/x86_64-redhat-linux/4.8.5/../../../../lib/:/lib/../lib/:/usr/lib/../lib/:/usr/lib/gcc/x86_64-redhat-linux/4.8.5/:/usr/lib/gcc/x86_64-redhat-linux/4.8.5/../../../:/lib/:/usr/lib/]
  ignore line: [COLLECT_GCC_OPTIONS='-D' '_GLIBCXX_USE_CXX11_ABI=0' '-O2' '-g' '-Wall' '-Wextra' '-Wno-unused-parameter' '-Wno-unused-function' '-pipe' '-fstack-protector' '--param' 'ssp-buffer-size=4' '-m32' '-march=i686' '-mtune=atom' '-v' '-o' 'cmTryCompileExec2111723287' '-rdynamic']
  link line: [ /usr/libexec/gcc/x86_64-redhat-linux/4.8.5/collect2 --build-id --no-add-needed --eh-frame-hdr --hash-style=gnu -m elf_i386 -export-dynamic -dynamic-linker /lib/ld-linux.so.2 -o cmTryCompileExec2111723287 /usr/lib/gcc/x86_64-redhat-linux/4.8.5/../../../../lib/crt1.o /usr/lib/gcc/x86_64-redhat-linux/4.8.5/../../../../lib/crti.o /usr/lib/gcc/x86_64-redhat-linux/4.8.5/32/crtbegin.o -L/usr/lib/gcc/x86_64-redhat-linux/4.8.5/32 -L/usr/lib/gcc/x86_64-redhat-linux/4.8.5/../../../../lib -L/lib/../lib -L/usr/lib/../lib -L/usr/lib/gcc/x86_64-redhat-linux/4.8.5 -L/usr/lib/gcc/x86_64-redhat-linux/4.8.5/../../.. CMakeFiles/cmTryCompileExec2111723287.dir/CMakeCCompilerABI.c.o -lgcc --as-needed -lgcc_s --no-as-needed -lc -lgcc --as-needed -lgcc_s --no-as-needed /usr/lib/gcc/x86_64-redhat-linux/4.8.5/32/crtend.o /usr/lib/gcc/x86_64-redhat-linux/4.8.5/../../../../lib/crtn.o]
    arg [/usr/libexec/gcc/x86_64-redhat-linux/4.8.5/collect2] ==> ignore
    arg [--build-id] ==> ignore
    arg [--no-add-needed] ==> ignore
    arg [--eh-frame-hdr] ==> ignore
    arg [--hash-style=gnu] ==> ignore
    arg [-m] ==> ignore
    arg [elf_i386] ==> ignore
    arg [-export-dynamic] ==> ignore
    arg [-dynamic-linker] ==> ignore
    arg [/lib/ld-linux.so.2] ==> ignore
    arg [-o] ==> ignore
    arg [cmTryCompileExec2111723287] ==> ignore
    arg [/usr/lib/gcc/x86_64-redhat-linux/4.8.5/../../../../lib/crt1.o] ==> ignore
    arg [/usr/lib/gcc/x86_64-redhat-linux/4.8.5/../../../../lib/crti.o] ==> ignore
    arg [/usr/lib/gcc/x86_64-redhat-linux/4.8.5/32/crtbegin.o] ==> ignore
    arg [-L/usr/lib/gcc/x86_64-redhat-linux/4.8.5/32] ==> dir [/usr/lib/gcc/x86_64-redhat-linux/4.8.5/32]
    arg [-L/usr/lib/gcc/x86_64-redhat-linux/4.8.5/../../../../lib] ==> dir [/usr/lib/gcc/x86_64-redhat-linux/4.8.5/../../../../lib]
    arg [-L/lib/../lib] ==> dir [/lib/../lib]
    arg [-L/usr/lib/../lib] ==> dir [/usr/lib/../lib]
    arg [-L/usr/lib/gcc/x86_64-redhat-linux/4.8.5] ==> dir [/usr/lib/gcc/x86_64-redhat-linux/4.8.5]
    arg [-L/usr/lib/gcc/x86_64-redhat-linux/4.8.5/../../..] ==> dir [/usr/lib/gcc/x86_64-redhat-linux/4.8.5/../../..]
    arg [CMakeFiles/cmTryCompileExec2111723287.dir/CMakeCCompilerABI.c.o] ==> ignore
    arg [-lgcc] ==> lib [gcc]
    arg [--as-needed] ==> ignore
    arg [-lgcc_s] ==> lib [gcc_s]
    arg [--no-as-needed] ==> ignore
    arg [-lc] ==> lib [c]
    arg [-lgcc] ==> lib [gcc]
    arg [--as-needed] ==> ignore
    arg [-lgcc_s] ==> lib [gcc_s]
    arg [--no-as-needed] ==> ignore
    arg [/usr/lib/gcc/x86_64-redhat-linux/4.8.5/32/crtend.o] ==> ignore
    arg [/usr/lib/gcc/x86_64-redhat-linux/4.8.5/../../../../lib/crtn.o] ==> ignore
  remove lib [gcc]
  remove lib [gcc_s]
  remove lib [gcc]
  remove lib [gcc_s]
  collapse library dir [/usr/lib/gcc/x86_64-redhat-linux/4.8.5/32] ==> [/usr/lib/gcc/x86_64-redhat-linux/4.8.5/32]
  collapse library dir [/usr/lib/gcc/x86_64-redhat-linux/4.8.5/../../../../lib] ==> [/usr/lib]
  collapse library dir [/lib/../lib] ==> [/lib]
  collapse library dir [/usr/lib/../lib] ==> [/usr/lib]
  collapse library dir [/usr/lib/gcc/x86_64-redhat-linux/4.8.5] ==> [/usr/lib/gcc/x86_64-redhat-linux/4.8.5]
  collapse library dir [/usr/lib/gcc/x86_64-redhat-linux/4.8.5/../../..] ==> [/usr/lib]
  implicit libs: [c]
  implicit dirs: [/usr/lib/gcc/x86_64-redhat-linux/4.8.5/32;/usr/lib;/lib;/usr/lib/gcc/x86_64-redhat-linux/4.8.5]
  implicit fwks: []


Determining if the CXX compiler works passed with the following output:
Change Dir: /home/wjl/work/cv5/sdks/DeviceLayer/plugins/OnvifDevice/build/cmake/i686/debug/CMakeFiles/CMakeTmp

Run Build Command:/usr/bin/gmake "cmTryCompileExec12669818/fast"
/usr/bin/gmake -f CMakeFiles/cmTryCompileExec12669818.dir/build.make CMakeFiles/cmTryCompileExec12669818.dir/build
gmake[1]: 进入目录“/home/wjl/work/cv5/sdks/DeviceLayer/plugins/OnvifDevice/build/cmake/i686/debug/CMakeFiles/CMakeTmp”
/usr/bin/cmake -E cmake_progress_report /home/wjl/work/cv5/sdks/DeviceLayer/plugins/OnvifDevice/build/cmake/i686/debug/CMakeFiles/CMakeTmp/CMakeFiles 1
Building CXX object CMakeFiles/cmTryCompileExec12669818.dir/testCXXCompiler.cxx.o
/usr/bin/c++    -D_GLIBCXX_USE_CXX11_ABI=0 -O2 -g -Wall -Wextra -Wno-unused-parameter -Wno-unused-function -pipe -Wp,-D_FORTIFY_SOURCE=2 -fstack-protector --param=ssp-buffer-size=4 -m32 -march=i686 -mtune=atom  -fPIE   -o CMakeFiles/cmTryCompileExec12669818.dir/testCXXCompiler.cxx.o -c /home/wjl/work/cv5/sdks/DeviceLayer/plugins/OnvifDevice/build/cmake/i686/debug/CMakeFiles/CMakeTmp/testCXXCompiler.cxx
Linking CXX executable cmTryCompileExec12669818
/usr/bin/cmake -E cmake_link_script CMakeFiles/cmTryCompileExec12669818.dir/link.txt --verbose=1
/usr/bin/c++   -D_GLIBCXX_USE_CXX11_ABI=0 -O2 -g -Wall -Wextra -Wno-unused-parameter -Wno-unused-function -pipe -Wp,-D_FORTIFY_SOURCE=2 -fstack-protector --param=ssp-buffer-size=4 -m32 -march=i686 -mtune=atom    -Wl,-z,relro -Wl,--no-undefined -Wl,--unresolved-symbols=ignore-in-shared-libs CMakeFiles/cmTryCompileExec12669818.dir/testCXXCompiler.cxx.o  -o cmTryCompileExec12669818 -rdynamic 
gmake[1]: 离开目录“/home/wjl/work/cv5/sdks/DeviceLayer/plugins/OnvifDevice/build/cmake/i686/debug/CMakeFiles/CMakeTmp”


Detecting CXX compiler ABI info compiled with the following output:
Change Dir: /home/wjl/work/cv5/sdks/DeviceLayer/plugins/OnvifDevice/build/cmake/i686/debug/CMakeFiles/CMakeTmp

Run Build Command:/usr/bin/gmake "cmTryCompileExec1047763547/fast"
/usr/bin/gmake -f CMakeFiles/cmTryCompileExec1047763547.dir/build.make CMakeFiles/cmTryCompileExec1047763547.dir/build
gmake[1]: 进入目录“/home/wjl/work/cv5/sdks/DeviceLayer/plugins/OnvifDevice/build/cmake/i686/debug/CMakeFiles/CMakeTmp”
/usr/bin/cmake -E cmake_progress_report /home/wjl/work/cv5/sdks/DeviceLayer/plugins/OnvifDevice/build/cmake/i686/debug/CMakeFiles/CMakeTmp/CMakeFiles 1
Building CXX object CMakeFiles/cmTryCompileExec1047763547.dir/CMakeCXXCompilerABI.cpp.o
/usr/bin/c++    -D_GLIBCXX_USE_CXX11_ABI=0 -O2 -g -Wall -Wextra -Wno-unused-parameter -Wno-unused-function -pipe -Wp,-D_FORTIFY_SOURCE=2 -fstack-protector --param=ssp-buffer-size=4 -m32 -march=i686 -mtune=atom  -fPIE   -o CMakeFiles/cmTryCompileExec1047763547.dir/CMakeCXXCompilerABI.cpp.o -c /usr/share/cmake/Modules/CMakeCXXCompilerABI.cpp
Linking CXX executable cmTryCompileExec1047763547
/usr/bin/cmake -E cmake_link_script CMakeFiles/cmTryCompileExec1047763547.dir/link.txt --verbose=1
/usr/bin/c++   -D_GLIBCXX_USE_CXX11_ABI=0 -O2 -g -Wall -Wextra -Wno-unused-parameter -Wno-unused-function -pipe -Wp,-D_FORTIFY_SOURCE=2 -fstack-protector --param=ssp-buffer-size=4 -m32 -march=i686 -mtune=atom   -v CMakeFiles/cmTryCompileExec1047763547.dir/CMakeCXXCompilerABI.cpp.o  -o cmTryCompileExec1047763547 -rdynamic  
使用内建 specs。
COLLECT_GCC=/usr/bin/c++
COLLECT_LTO_WRAPPER=/usr/libexec/gcc/x86_64-redhat-linux/4.8.5/lto-wrapper
目标：x86_64-redhat-linux
配置为：../configure --prefix=/usr --mandir=/usr/share/man --infodir=/usr/share/info --with-bugurl=http://bugzilla.redhat.com/bugzilla --enable-bootstrap --enable-shared --enable-threads=posix --enable-checking=release --with-system-zlib --enable-__cxa_atexit --disable-libunwind-exceptions --enable-gnu-unique-object --enable-linker-build-id --with-linker-hash-style=gnu --enable-languages=c,c++,objc,obj-c++,java,fortran,ada,go,lto --enable-plugin --enable-initfini-array --disable-libgcj --with-isl=/builddir/build/BUILD/gcc-4.8.5-20150702/obj-x86_64-redhat-linux/isl-install --with-cloog=/builddir/build/BUILD/gcc-4.8.5-20150702/obj-x86_64-redhat-linux/cloog-install --enable-gnu-indirect-function --with-tune=generic --with-arch_32=x86-64 --build=x86_64-redhat-linux
线程模型：posix
gcc 版本 4.8.5 20150623 (Red Hat 4.8.5-11) (GCC) 
COMPILER_PATH=/usr/libexec/gcc/x86_64-redhat-linux/4.8.5/:/usr/libexec/gcc/x86_64-redhat-linux/4.8.5/:/usr/libexec/gcc/x86_64-redhat-linux/:/usr/lib/gcc/x86_64-redhat-linux/4.8.5/:/usr/lib/gcc/x86_64-redhat-linux/
LIBRARY_PATH=/usr/lib/gcc/x86_64-redhat-linux/4.8.5/32/:/usr/lib/gcc/x86_64-redhat-linux/4.8.5/../../../../lib/:/lib/../lib/:/usr/lib/../lib/:/usr/lib/gcc/x86_64-redhat-linux/4.8.5/:/usr/lib/gcc/x86_64-redhat-linux/4.8.5/../../../:/lib/:/usr/lib/
COLLECT_GCC_OPTIONS='-D' '_GLIBCXX_USE_CXX11_ABI=0' '-O2' '-g' '-Wall' '-Wextra' '-Wno-unused-parameter' '-Wno-unused-function' '-pipe' '-fstack-protector' '--param' 'ssp-buffer-size=4' '-m32' '-march=i686' '-mtune=atom' '-v' '-o' 'cmTryCompileExec1047763547' '-rdynamic' '-shared-libgcc'
 /usr/libexec/gcc/x86_64-redhat-linux/4.8.5/collect2 --build-id --no-add-needed --eh-frame-hdr --hash-style=gnu -m elf_i386 -export-dynamic -dynamic-linker /lib/ld-linux.so.2 -o cmTryCompileExec1047763547 /usr/lib/gcc/x86_64-redhat-linux/4.8.5/../../../../lib/crt1.o /usr/lib/gcc/x86_64-redhat-linux/4.8.5/../../../../lib/crti.o /usr/lib/gcc/x86_64-redhat-linux/4.8.5/32/crtbegin.o -L/usr/lib/gcc/x86_64-redhat-linux/4.8.5/32 -L/usr/lib/gcc/x86_64-redhat-linux/4.8.5/../../../../lib -L/lib/../lib -L/usr/lib/../lib -L/usr/lib/gcc/x86_64-redhat-linux/4.8.5 -L/usr/lib/gcc/x86_64-redhat-linux/4.8.5/../../.. CMakeFiles/cmTryCompileExec1047763547.dir/CMakeCXXCompilerABI.cpp.o -lstdc++ -lm -lgcc_s -lgcc -lc -lgcc_s -lgcc /usr/lib/gcc/x86_64-redhat-linux/4.8.5/32/crtend.o /usr/lib/gcc/x86_64-redhat-linux/4.8.5/../../../../lib/crtn.o
gmake[1]: 离开目录“/home/wjl/work/cv5/sdks/DeviceLayer/plugins/OnvifDevice/build/cmake/i686/debug/CMakeFiles/CMakeTmp”


Parsed CXX implicit link information from above output:
  link line regex: [^( *|.*[/\])(ld|([^/\]+-)?ld|collect2)[^/\]*( |$)]
  ignore line: [Change Dir: /home/wjl/work/cv5/sdks/DeviceLayer/plugins/OnvifDevice/build/cmake/i686/debug/CMakeFiles/CMakeTmp]
  ignore line: []
  ignore line: [Run Build Command:/usr/bin/gmake "cmTryCompileExec1047763547/fast"]
  ignore line: [/usr/bin/gmake -f CMakeFiles/cmTryCompileExec1047763547.dir/build.make CMakeFiles/cmTryCompileExec1047763547.dir/build]
  ignore line: [gmake[1]: 进入目录“/home/wjl/work/cv5/sdks/DeviceLayer/plugins/OnvifDevice/build/cmake/i686/debug/CMakeFiles/CMakeTmp”]
  ignore line: [/usr/bin/cmake -E cmake_progress_report /home/wjl/work/cv5/sdks/DeviceLayer/plugins/OnvifDevice/build/cmake/i686/debug/CMakeFiles/CMakeTmp/CMakeFiles 1]
  ignore line: [Building CXX object CMakeFiles/cmTryCompileExec1047763547.dir/CMakeCXXCompilerABI.cpp.o]
  ignore line: [/usr/bin/c++    -D_GLIBCXX_USE_CXX11_ABI=0 -O2 -g -Wall -Wextra -Wno-unused-parameter -Wno-unused-function -pipe -Wp,-D_FORTIFY_SOURCE=2 -fstack-protector --param=ssp-buffer-size=4 -m32 -march=i686 -mtune=atom  -fPIE   -o CMakeFiles/cmTryCompileExec1047763547.dir/CMakeCXXCompilerABI.cpp.o -c /usr/share/cmake/Modules/CMakeCXXCompilerABI.cpp]
  ignore line: [Linking CXX executable cmTryCompileExec1047763547]
  ignore line: [/usr/bin/cmake -E cmake_link_script CMakeFiles/cmTryCompileExec1047763547.dir/link.txt --verbose=1]
  ignore line: [/usr/bin/c++   -D_GLIBCXX_USE_CXX11_ABI=0 -O2 -g -Wall -Wextra -Wno-unused-parameter -Wno-unused-function -pipe -Wp,-D_FORTIFY_SOURCE=2 -fstack-protector --param=ssp-buffer-size=4 -m32 -march=i686 -mtune=atom   -v CMakeFiles/cmTryCompileExec1047763547.dir/CMakeCXXCompilerABI.cpp.o  -o cmTryCompileExec1047763547 -rdynamic  ]
  ignore line: [使用内建 specs。]
  ignore line: [COLLECT_GCC=/usr/bin/c++]
  ignore line: [COLLECT_LTO_WRAPPER=/usr/libexec/gcc/x86_64-redhat-linux/4.8.5/lto-wrapper]
  ignore line: [目标：x86_64-redhat-linux]
  ignore line: [配置为：../configure --prefix=/usr --mandir=/usr/share/man --infodir=/usr/share/info --with-bugurl=http://bugzilla.redhat.com/bugzilla --enable-bootstrap --enable-shared --enable-threads=posix --enable-checking=release --with-system-zlib --enable-__cxa_atexit --disable-libunwind-exceptions --enable-gnu-unique-object --enable-linker-build-id --with-linker-hash-style=gnu --enable-languages=c,c++,objc,obj-c++,java,fortran,ada,go,lto --enable-plugin --enable-initfini-array --disable-libgcj --with-isl=/builddir/build/BUILD/gcc-4.8.5-20150702/obj-x86_64-redhat-linux/isl-install --with-cloog=/builddir/build/BUILD/gcc-4.8.5-20150702/obj-x86_64-redhat-linux/cloog-install --enable-gnu-indirect-function --with-tune=generic --with-arch_32=x86-64 --build=x86_64-redhat-linux]
  ignore line: [线程模型：posix]
  ignore line: [gcc 版本 4.8.5 20150623 (Red Hat 4.8.5-11) (GCC) ]
  ignore line: [COMPILER_PATH=/usr/libexec/gcc/x86_64-redhat-linux/4.8.5/:/usr/libexec/gcc/x86_64-redhat-linux/4.8.5/:/usr/libexec/gcc/x86_64-redhat-linux/:/usr/lib/gcc/x86_64-redhat-linux/4.8.5/:/usr/lib/gcc/x86_64-redhat-linux/]
  ignore line: [LIBRARY_PATH=/usr/lib/gcc/x86_64-redhat-linux/4.8.5/32/:/usr/lib/gcc/x86_64-redhat-linux/4.8.5/../../../../lib/:/lib/../lib/:/usr/lib/../lib/:/usr/lib/gcc/x86_64-redhat-linux/4.8.5/:/usr/lib/gcc/x86_64-redhat-linux/4.8.5/../../../:/lib/:/usr/lib/]
  ignore line: [COLLECT_GCC_OPTIONS='-D' '_GLIBCXX_USE_CXX11_ABI=0' '-O2' '-g' '-Wall' '-Wextra' '-Wno-unused-parameter' '-Wno-unused-function' '-pipe' '-fstack-protector' '--param' 'ssp-buffer-size=4' '-m32' '-march=i686' '-mtune=atom' '-v' '-o' 'cmTryCompileExec1047763547' '-rdynamic' '-shared-libgcc']
  link line: [ /usr/libexec/gcc/x86_64-redhat-linux/4.8.5/collect2 --build-id --no-add-needed --eh-frame-hdr --hash-style=gnu -m elf_i386 -export-dynamic -dynamic-linker /lib/ld-linux.so.2 -o cmTryCompileExec1047763547 /usr/lib/gcc/x86_64-redhat-linux/4.8.5/../../../../lib/crt1.o /usr/lib/gcc/x86_64-redhat-linux/4.8.5/../../../../lib/crti.o /usr/lib/gcc/x86_64-redhat-linux/4.8.5/32/crtbegin.o -L/usr/lib/gcc/x86_64-redhat-linux/4.8.5/32 -L/usr/lib/gcc/x86_64-redhat-linux/4.8.5/../../../../lib -L/lib/../lib -L/usr/lib/../lib -L/usr/lib/gcc/x86_64-redhat-linux/4.8.5 -L/usr/lib/gcc/x86_64-redhat-linux/4.8.5/../../.. CMakeFiles/cmTryCompileExec1047763547.dir/CMakeCXXCompilerABI.cpp.o -lstdc++ -lm -lgcc_s -lgcc -lc -lgcc_s -lgcc /usr/lib/gcc/x86_64-redhat-linux/4.8.5/32/crtend.o /usr/lib/gcc/x86_64-redhat-linux/4.8.5/../../../../lib/crtn.o]
    arg [/usr/libexec/gcc/x86_64-redhat-linux/4.8.5/collect2] ==> ignore
    arg [--build-id] ==> ignore
    arg [--no-add-needed] ==> ignore
    arg [--eh-frame-hdr] ==> ignore
    arg [--hash-style=gnu] ==> ignore
    arg [-m] ==> ignore
    arg [elf_i386] ==> ignore
    arg [-export-dynamic] ==> ignore
    arg [-dynamic-linker] ==> ignore
    arg [/lib/ld-linux.so.2] ==> ignore
    arg [-o] ==> ignore
    arg [cmTryCompileExec1047763547] ==> ignore
    arg [/usr/lib/gcc/x86_64-redhat-linux/4.8.5/../../../../lib/crt1.o] ==> ignore
    arg [/usr/lib/gcc/x86_64-redhat-linux/4.8.5/../../../../lib/crti.o] ==> ignore
    arg [/usr/lib/gcc/x86_64-redhat-linux/4.8.5/32/crtbegin.o] ==> ignore
    arg [-L/usr/lib/gcc/x86_64-redhat-linux/4.8.5/32] ==> dir [/usr/lib/gcc/x86_64-redhat-linux/4.8.5/32]
    arg [-L/usr/lib/gcc/x86_64-redhat-linux/4.8.5/../../../../lib] ==> dir [/usr/lib/gcc/x86_64-redhat-linux/4.8.5/../../../../lib]
    arg [-L/lib/../lib] ==> dir [/lib/../lib]
    arg [-L/usr/lib/../lib] ==> dir [/usr/lib/../lib]
    arg [-L/usr/lib/gcc/x86_64-redhat-linux/4.8.5] ==> dir [/usr/lib/gcc/x86_64-redhat-linux/4.8.5]
    arg [-L/usr/lib/gcc/x86_64-redhat-linux/4.8.5/../../..] ==> dir [/usr/lib/gcc/x86_64-redhat-linux/4.8.5/../../..]
    arg [CMakeFiles/cmTryCompileExec1047763547.dir/CMakeCXXCompilerABI.cpp.o] ==> ignore
    arg [-lstdc++] ==> lib [stdc++]
    arg [-lm] ==> lib [m]
    arg [-lgcc_s] ==> lib [gcc_s]
    arg [-lgcc] ==> lib [gcc]
    arg [-lc] ==> lib [c]
    arg [-lgcc_s] ==> lib [gcc_s]
    arg [-lgcc] ==> lib [gcc]
    arg [/usr/lib/gcc/x86_64-redhat-linux/4.8.5/32/crtend.o] ==> ignore
    arg [/usr/lib/gcc/x86_64-redhat-linux/4.8.5/../../../../lib/crtn.o] ==> ignore
  remove lib [gcc_s]
  remove lib [gcc]
  remove lib [gcc_s]
  remove lib [gcc]
  collapse library dir [/usr/lib/gcc/x86_64-redhat-linux/4.8.5/32] ==> [/usr/lib/gcc/x86_64-redhat-linux/4.8.5/32]
  collapse library dir [/usr/lib/gcc/x86_64-redhat-linux/4.8.5/../../../../lib] ==> [/usr/lib]
  collapse library dir [/lib/../lib] ==> [/lib]
  collapse library dir [/usr/lib/../lib] ==> [/usr/lib]
  collapse library dir [/usr/lib/gcc/x86_64-redhat-linux/4.8.5] ==> [/usr/lib/gcc/x86_64-redhat-linux/4.8.5]
  collapse library dir [/usr/lib/gcc/x86_64-redhat-linux/4.8.5/../../..] ==> [/usr/lib]
  implicit libs: [stdc++;m;c]
  implicit dirs: [/usr/lib/gcc/x86_64-redhat-linux/4.8.5/32;/usr/lib;/lib;/usr/lib/gcc/x86_64-redhat-linux/4.8.5]
  implicit fwks: []


